mode: set
investmentsDistributor/functions.go:14.48,20.2 4 1
investmentsDistributor/functions.go:23.56,28.9 3 1
investmentsDistributor/functions.go:79.2,79.52 1 0
investmentsDistributor/functions.go:30.13,34.57 2 1
investmentsDistributor/functions.go:39.3,39.14 1 0
investmentsDistributor/functions.go:41.13,45.57 2 0
investmentsDistributor/functions.go:48.3,48.14 1 0
investmentsDistributor/functions.go:50.13,52.57 2 0
investmentsDistributor/functions.go:55.3,55.14 1 0
investmentsDistributor/functions.go:57.13,59.57 2 0
investmentsDistributor/functions.go:62.3,62.14 1 0
investmentsDistributor/functions.go:64.13,66.57 2 0
investmentsDistributor/functions.go:69.3,69.14 1 0
investmentsDistributor/functions.go:70.13,72.57 2 0
investmentsDistributor/functions.go:34.57,36.4 1 1
investmentsDistributor/functions.go:45.57,47.4 1 0
investmentsDistributor/functions.go:52.57,54.4 1 0
investmentsDistributor/functions.go:59.57,61.4 1 0
investmentsDistributor/functions.go:66.57,68.4 1 0
investmentsDistributor/functions.go:72.57,74.4 1 0
investmentsDistributor/functions.go:83.57,90.12 2 1
investmentsDistributor/functions.go:113.2,113.34 1 1
investmentsDistributor/functions.go:90.12,91.13 1 1
investmentsDistributor/functions.go:95.3,95.13 1 1
investmentsDistributor/functions.go:99.3,99.13 1 1
investmentsDistributor/functions.go:106.3,106.24 1 1
investmentsDistributor/functions.go:91.13,94.4 2 1
investmentsDistributor/functions.go:95.13,98.4 2 1
investmentsDistributor/functions.go:99.13,102.4 2 1
investmentsDistributor/functions.go:106.24,108.9 2 0
investmentsDistributor/functions.go:118.41,123.2 4 1
investmentsDistributor/functions.go:125.37,135.77 3 1
investmentsDistributor/functions.go:139.2,139.79 1 1
investmentsDistributor/functions.go:144.2,145.16 2 1
investmentsDistributor/functions.go:150.2,151.12 2 1
investmentsDistributor/functions.go:135.77,138.3 1 1
investmentsDistributor/functions.go:139.79,142.3 1 1
investmentsDistributor/functions.go:145.16,147.3 1 0
investmentsDistributor/functions.go:156.64,167.2 9 1
investmentsDistributor/functions.go:170.47,187.2 10 1
investmentsDistributor/functions.go:190.47,201.2 5 1
investmentsDistributor/functions.go:204.44,220.2 9 1
investmentsDistributor/functions.go:223.44,233.2 5 1
investmentsDistributor/functions.go:236.46,254.2 8 1
investmentsDistributor/functions.go:257.43,274.2 8 1
investmentsDistributor/handlers.go:17.57,20.2 2 0
investmentsDistributor/handlers.go:22.69,39.16 6 0
investmentsDistributor/handlers.go:64.2,67.37 3 0
investmentsDistributor/handlers.go:39.16,48.3 5 0
investmentsDistributor/handlers.go:48.8,62.3 8 0
investmentsDistributor/handlers.go:70.63,75.16 3 0
investmentsDistributor/handlers.go:75.16,78.3 2 0
investmentsDistributor/handlers.go:78.8,84.3 4 0
investmentsDistributor/handlers.go:88.69,94.16 4 0
investmentsDistributor/handlers.go:94.16,96.3 1 0
investmentsDistributor/handlers.go:96.8,99.3 2 0
investmentsDistributor/main.go:22.34,24.2 1 0
investmentsDistributor/main.go:27.66,29.12 2 0
investmentsDistributor/main.go:29.12,32.3 1 0
investmentsDistributor/main.go:32.8,34.3 1 0
investmentsDistributor/main.go:37.77,39.2 1 0
investmentsDistributor/main.go:41.13,47.16 2 0
investmentsDistributor/main.go:50.2,59.17 7 0
investmentsDistributor/main.go:47.16,49.3 1 0
investmentsDistributor/router.go:10.27,15.2 1 0
investmentsDistributor/router.go:19.89,23.2 3 0
investmentsDistributor/router.go:27.74,30.12 2 0
investmentsDistributor/router.go:35.2,35.18 1 0
investmentsDistributor/router.go:42.2,42.21 1 0
investmentsDistributor/router.go:30.12,33.3 2 0
investmentsDistributor/router.go:35.18,38.3 2 0
investmentsDistributor/server.go:13.37,19.2 1 0
investmentsDistributor/server.go:23.33,30.16 3 0
investmentsDistributor/server.go:33.2,33.12 1 0
investmentsDistributor/server.go:30.16,32.3 1 0
investmentsDistributor/server.go:39.28,41.12 2 0
investmentsDistributor/server.go:44.2,44.40 1 0
investmentsDistributor/server.go:41.12,43.3 1 0
